<?xml version="1.0" encoding="utf-8"?><testsuites><testsuite name="pytest" errors="0" failures="0" skipped="0" tests="1" time="38.526" timestamp="2025-08-14T18:04:47.518401" hostname="mayundebijibendiannao.local"><testcase classname="testcase.test_app_01_login.TestAppLogin" name="test_login_pass" time="38.473" /></testsuite></testsuites>