<?xml version="1.0" encoding="utf-8"?><testsuites><testsuite name="pytest" errors="0" failures="0" skipped="0" tests="3" time="10.299" timestamp="2025-08-14T10:53:13.622267" hostname="mayundebijibendiannao.local"><testcase classname="testcase.test_simple_login.TestSimpleLogin" name="test_app_launch" time="6.071" /><testcase classname="testcase.test_simple_login.TestSimpleLogin" name="test_device_info" time="2.074" /><testcase classname="testcase.test_simple_login.TestSimpleLogin" name="test_basic_navigation" time="2.096" /></testsuite></testsuites>