<?xml version="1.0" encoding="utf-8"?><testsuites name="pytest tests"><testsuite name="pytest" errors="0" failures="0" skipped="0" tests="1" time="39.014" timestamp="2025-08-14T17:41:55.808834+08:00" hostname="mayundebijibendiannao.local"><testcase classname="testcase.test_app_01_login.TestAppLogin" name="test_login_pass" time="38.962" /></testsuite></testsuites>