<?xml version="1.0" encoding="utf-8"?><testsuites name="pytest tests"><testsuite name="pytest" errors="0" failures="0" skipped="0" tests="1" time="39.494" timestamp="2025-08-14T17:37:20.701619+08:00" hostname="mayundebijibendiannao.local"><testcase classname="testcase.test_app_01_login.TestAppLogin" name="test_login_pass" time="39.441" /></testsuite></testsuites>